mode: set
github.com/docker/libtrust/trustgraph/memory_graph.go:18.32,23.2 1 1
github.com/docker/libtrust/trustgraph/memory_graph.go:28.49,30.31 2 1
github.com/docker/libtrust/trustgraph/memory_graph.go:47.2,47.28 1 1
github.com/docker/libtrust/trustgraph/memory_graph.go:30.31,35.30 5 1
github.com/docker/libtrust/trustgraph/memory_graph.go:35.30,37.15 2 1
github.com/docker/libtrust/trustgraph/memory_graph.go:41.4,41.18 1 1
github.com/docker/libtrust/trustgraph/memory_graph.go:44.4,44.25 1 1
github.com/docker/libtrust/trustgraph/memory_graph.go:37.15,40.5 2 1
github.com/docker/libtrust/trustgraph/memory_graph.go:41.18,43.5 1 1
github.com/docker/libtrust/trustgraph/memory_graph.go:50.55,55.33 5 1
github.com/docker/libtrust/trustgraph/memory_graph.go:62.2,62.20 1 1
github.com/docker/libtrust/trustgraph/memory_graph.go:55.33,57.14 2 1
github.com/docker/libtrust/trustgraph/memory_graph.go:60.3,60.24 1 1
github.com/docker/libtrust/trustgraph/memory_graph.go:57.14,59.4 1 1
github.com/docker/libtrust/trustgraph/memory_graph.go:65.39,66.34 1 1
github.com/docker/libtrust/trustgraph/memory_graph.go:71.2,71.14 1 1
github.com/docker/libtrust/trustgraph/memory_graph.go:66.34,67.53 1 1
github.com/docker/libtrust/trustgraph/memory_graph.go:67.53,69.4 1 1
github.com/docker/libtrust/trustgraph/memory_graph.go:76.43,78.2 1 1
github.com/docker/libtrust/trustgraph/memory_graph.go:80.147,81.20 1 1
github.com/docker/libtrust/trustgraph/memory_graph.go:84.2,86.31 3 1
github.com/docker/libtrust/trustgraph/memory_graph.go:101.2,101.34 1 1
github.com/docker/libtrust/trustgraph/memory_graph.go:115.2,115.14 1 1
github.com/docker/libtrust/trustgraph/memory_graph.go:81.20,83.3 1 1
github.com/docker/libtrust/trustgraph/memory_graph.go:86.31,87.21 1 1
github.com/docker/libtrust/trustgraph/memory_graph.go:90.3,91.48 2 1
github.com/docker/libtrust/trustgraph/memory_graph.go:87.21,88.12 1 1
github.com/docker/libtrust/trustgraph/memory_graph.go:91.48,92.40 1 1
github.com/docker/libtrust/trustgraph/memory_graph.go:92.40,93.24 1 1
github.com/docker/libtrust/trustgraph/memory_graph.go:93.24,95.6 1 1
github.com/docker/libtrust/trustgraph/memory_graph.go:96.6,98.5 1 1
github.com/docker/libtrust/trustgraph/memory_graph.go:101.34,103.14 2 1
github.com/docker/libtrust/trustgraph/memory_graph.go:111.3,111.86 1 1
github.com/docker/libtrust/trustgraph/memory_graph.go:103.14,107.4 3 1
github.com/docker/libtrust/trustgraph/memory_graph.go:107.5,109.4 1 1
github.com/docker/libtrust/trustgraph/memory_graph.go:111.86,113.4 1 1
github.com/docker/libtrust/trustgraph/memory_graph.go:118.100,120.2 1 1
github.com/docker/libtrust/trustgraph/memory_graph.go:122.109,124.53 2 1
github.com/docker/libtrust/trustgraph/memory_graph.go:131.2,132.20 2 1
github.com/docker/libtrust/trustgraph/memory_graph.go:124.53,130.3 5 1
github.com/docker/libtrust/trustgraph/statement.go:34.56,41.2 1 1
github.com/docker/libtrust/trustgraph/statement.go:53.38,55.2 1 1
github.com/docker/libtrust/trustgraph/statement.go:60.45,62.2 1 1
github.com/docker/libtrust/trustgraph/statement.go:65.79,67.16 2 1
github.com/docker/libtrust/trustgraph/statement.go:70.2,71.16 2 1
github.com/docker/libtrust/trustgraph/statement.go:74.2,75.16 2 1
github.com/docker/libtrust/trustgraph/statement.go:78.2,80.16 3 1
github.com/docker/libtrust/trustgraph/statement.go:84.2,84.22 1 1
github.com/docker/libtrust/trustgraph/statement.go:95.2,97.24 2 1
github.com/docker/libtrust/trustgraph/statement.go:67.16,69.3 1 0
github.com/docker/libtrust/trustgraph/statement.go:71.16,73.3 1 1
github.com/docker/libtrust/trustgraph/statement.go:75.16,77.3 1 0
github.com/docker/libtrust/trustgraph/statement.go:80.16,82.3 1 0
github.com/docker/libtrust/trustgraph/statement.go:84.22,86.17 2 1
github.com/docker/libtrust/trustgraph/statement.go:86.17,88.4 1 1
github.com/docker/libtrust/trustgraph/statement.go:89.4,91.17 2 1
github.com/docker/libtrust/trustgraph/statement.go:91.17,93.4 1 1
github.com/docker/libtrust/trustgraph/statement.go:102.151,105.16 3 1
github.com/docker/libtrust/trustgraph/statement.go:108.2,109.16 2 1
github.com/docker/libtrust/trustgraph/statement.go:112.2,116.16 4 1
github.com/docker/libtrust/trustgraph/statement.go:120.2,121.16 2 1
github.com/docker/libtrust/trustgraph/statement.go:124.2,125.16 2 1
github.com/docker/libtrust/trustgraph/statement.go:129.2,129.24 1 1
github.com/docker/libtrust/trustgraph/statement.go:105.16,107.3 1 0
github.com/docker/libtrust/trustgraph/statement.go:109.16,111.3 1 0
github.com/docker/libtrust/trustgraph/statement.go:116.16,118.3 1 0
github.com/docker/libtrust/trustgraph/statement.go:121.16,123.3 1 0
github.com/docker/libtrust/trustgraph/statement.go:125.16,127.3 1 0
github.com/docker/libtrust/trustgraph/statement.go:134.34,136.2 1 1
github.com/docker/libtrust/trustgraph/statement.go:138.44,140.2 1 1
github.com/docker/libtrust/trustgraph/statement.go:142.39,144.2 1 1
github.com/docker/libtrust/trustgraph/statement.go:148.96,150.39 2 1
github.com/docker/libtrust/trustgraph/statement.go:155.2,160.35 5 1
github.com/docker/libtrust/trustgraph/statement.go:204.2,205.34 2 1
github.com/docker/libtrust/trustgraph/statement.go:209.2,209.35 1 1
github.com/docker/libtrust/trustgraph/statement.go:150.39,151.43 1 1
github.com/docker/libtrust/trustgraph/statement.go:151.43,153.4 1 1
github.com/docker/libtrust/trustgraph/statement.go:160.35,161.56 1 1
github.com/docker/libtrust/trustgraph/statement.go:164.3,164.42 1 1
github.com/docker/libtrust/trustgraph/statement.go:181.3,181.52 1 1
github.com/docker/libtrust/trustgraph/statement.go:161.56,163.4 1 1
github.com/docker/libtrust/trustgraph/statement.go:164.42,170.31 5 1
github.com/docker/libtrust/trustgraph/statement.go:170.31,172.16 2 1
github.com/docker/libtrust/trustgraph/statement.go:176.5,177.26 2 1
github.com/docker/libtrust/trustgraph/statement.go:172.16,175.6 2 1
github.com/docker/libtrust/trustgraph/statement.go:181.52,187.31 5 1
github.com/docker/libtrust/trustgraph/statement.go:194.4,194.19 1 1
github.com/docker/libtrust/trustgraph/statement.go:187.31,189.16 2 1
github.com/docker/libtrust/trustgraph/statement.go:192.5,192.26 1 1
github.com/docker/libtrust/trustgraph/statement.go:189.16,190.11 1 1
github.com/docker/libtrust/trustgraph/statement.go:194.19,195.39 1 1
github.com/docker/libtrust/trustgraph/statement.go:195.39,196.54 1 1
github.com/docker/libtrust/trustgraph/statement.go:196.54,198.7 1 1
github.com/docker/libtrust/trustgraph/statement.go:205.34,207.3 1 1
github.com/docker/libtrust/trustgraph/statement.go:213.62,215.31 2 1
github.com/docker/libtrust/trustgraph/statement.go:220.2,222.36 3 1
github.com/docker/libtrust/trustgraph/statement.go:226.2,226.27 1 1
github.com/docker/libtrust/trustgraph/statement.go:215.31,216.29 1 1
github.com/docker/libtrust/trustgraph/statement.go:216.29,218.4 1 1
github.com/docker/libtrust/trustgraph/statement.go:222.36,225.3 2 1
