mode: set
github.com/docker/libtrust/jsonsign.go:53.40,57.2 1 1
github.com/docker/libtrust/jsonsign.go:61.52,63.2 1 0
github.com/docker/libtrust/jsonsign.go:65.60,72.16 3 1
github.com/docker/libtrust/jsonsign.go:76.2,76.49 1 1
github.com/docker/libtrust/jsonsign.go:72.16,74.3 1 0
github.com/docker/libtrust/jsonsign.go:79.76,85.2 5 1
github.com/docker/libtrust/jsonsign.go:88.53,90.16 2 1
github.com/docker/libtrust/jsonsign.go:93.2,94.16 2 1
github.com/docker/libtrust/jsonsign.go:97.2,98.16 2 1
github.com/docker/libtrust/jsonsign.go:102.2,114.12 4 1
github.com/docker/libtrust/jsonsign.go:90.16,92.3 1 0
github.com/docker/libtrust/jsonsign.go:94.16,96.3 1 0
github.com/docker/libtrust/jsonsign.go:98.16,100.3 1 0
github.com/docker/libtrust/jsonsign.go:120.89,127.16 2 1
github.com/docker/libtrust/jsonsign.go:130.2,131.16 2 1
github.com/docker/libtrust/jsonsign.go:134.2,135.16 2 1
github.com/docker/libtrust/jsonsign.go:139.2,144.29 2 1
github.com/docker/libtrust/jsonsign.go:148.2,156.12 3 1
github.com/docker/libtrust/jsonsign.go:127.16,129.3 1 0
github.com/docker/libtrust/jsonsign.go:131.16,133.3 1 0
github.com/docker/libtrust/jsonsign.go:135.16,137.3 1 0
github.com/docker/libtrust/jsonsign.go:144.29,146.3 1 1
github.com/docker/libtrust/jsonsign.go:161.56,163.42 2 1
github.com/docker/libtrust/jsonsign.go:200.2,200.18 1 1
github.com/docker/libtrust/jsonsign.go:163.42,165.17 2 1
github.com/docker/libtrust/jsonsign.go:168.3,169.38 2 1
github.com/docker/libtrust/jsonsign.go:188.3,189.17 2 1
github.com/docker/libtrust/jsonsign.go:193.3,194.17 2 1
github.com/docker/libtrust/jsonsign.go:198.3,198.22 1 1
github.com/docker/libtrust/jsonsign.go:165.17,167.4 1 0
github.com/docker/libtrust/jsonsign.go:169.38,171.18 2 0
github.com/docker/libtrust/jsonsign.go:174.4,175.18 2 0
github.com/docker/libtrust/jsonsign.go:178.4,179.18 2 0
github.com/docker/libtrust/jsonsign.go:171.18,173.5 1 0
github.com/docker/libtrust/jsonsign.go:175.18,177.5 1 0
github.com/docker/libtrust/jsonsign.go:179.18,181.5 1 0
github.com/docker/libtrust/jsonsign.go:182.5,182.41 1 1
github.com/docker/libtrust/jsonsign.go:182.41,184.4 1 1
github.com/docker/libtrust/jsonsign.go:184.5,186.4 1 0
github.com/docker/libtrust/jsonsign.go:189.17,191.4 1 0
github.com/docker/libtrust/jsonsign.go:194.17,196.4 1 0
github.com/docker/libtrust/jsonsign.go:206.89,208.42 2 1
github.com/docker/libtrust/jsonsign.go:266.2,266.20 1 1
github.com/docker/libtrust/jsonsign.go:208.42,210.17 2 1
github.com/docker/libtrust/jsonsign.go:213.3,214.38 2 1
github.com/docker/libtrust/jsonsign.go:210.17,212.4 1 0
github.com/docker/libtrust/jsonsign.go:214.38,216.18 2 1
github.com/docker/libtrust/jsonsign.go:219.4,220.18 2 1
github.com/docker/libtrust/jsonsign.go:223.4,224.18 2 1
github.com/docker/libtrust/jsonsign.go:227.4,228.39 2 1
github.com/docker/libtrust/jsonsign.go:243.4,249.18 3 1
github.com/docker/libtrust/jsonsign.go:252.4,255.18 3 1
github.com/docker/libtrust/jsonsign.go:259.4,260.18 2 1
github.com/docker/libtrust/jsonsign.go:216.18,218.5 1 0
github.com/docker/libtrust/jsonsign.go:220.18,222.5 1 0
github.com/docker/libtrust/jsonsign.go:224.18,226.5 1 0
github.com/docker/libtrust/jsonsign.go:228.39,230.38 2 1
github.com/docker/libtrust/jsonsign.go:230.38,232.20 2 1
github.com/docker/libtrust/jsonsign.go:235.6,236.20 2 1
github.com/docker/libtrust/jsonsign.go:239.6,239.41 1 1
github.com/docker/libtrust/jsonsign.go:232.20,234.7 1 0
github.com/docker/libtrust/jsonsign.go:236.20,238.7 1 0
github.com/docker/libtrust/jsonsign.go:249.18,251.5 1 1
github.com/docker/libtrust/jsonsign.go:255.18,257.5 1 0
github.com/docker/libtrust/jsonsign.go:260.18,262.5 1 0
github.com/docker/libtrust/jsonsign.go:271.48,272.29 1 0
github.com/docker/libtrust/jsonsign.go:275.2,280.47 2 0
github.com/docker/libtrust/jsonsign.go:272.29,274.3 1 0
github.com/docker/libtrust/jsonsign.go:283.28,285.2 1 1
github.com/docker/libtrust/jsonsign.go:287.59,288.77 1 1
github.com/docker/libtrust/jsonsign.go:294.2,294.8 1 1
github.com/docker/libtrust/jsonsign.go:288.77,290.21 2 1
github.com/docker/libtrust/jsonsign.go:290.21,292.4 1 1
github.com/docker/libtrust/jsonsign.go:310.55,317.16 4 0
github.com/docker/libtrust/jsonsign.go:320.2,320.33 1 0
github.com/docker/libtrust/jsonsign.go:323.2,324.16 2 0
github.com/docker/libtrust/jsonsign.go:328.2,329.16 2 0
github.com/docker/libtrust/jsonsign.go:332.2,333.46 2 0
github.com/docker/libtrust/jsonsign.go:354.2,354.16 1 0
github.com/docker/libtrust/jsonsign.go:317.16,319.3 1 0
github.com/docker/libtrust/jsonsign.go:320.33,322.3 1 0
github.com/docker/libtrust/jsonsign.go:324.16,326.3 1 0
github.com/docker/libtrust/jsonsign.go:329.16,331.3 1 0
github.com/docker/libtrust/jsonsign.go:333.46,337.36 2 0
github.com/docker/libtrust/jsonsign.go:340.3,340.34 1 0
github.com/docker/libtrust/jsonsign.go:347.3,351.4 1 0
github.com/docker/libtrust/jsonsign.go:337.36,339.4 1 0
github.com/docker/libtrust/jsonsign.go:340.34,342.18 2 0
github.com/docker/libtrust/jsonsign.go:345.4,345.26 1 0
github.com/docker/libtrust/jsonsign.go:342.18,344.5 1 0
github.com/docker/libtrust/jsonsign.go:359.63,362.16 3 1
github.com/docker/libtrust/jsonsign.go:366.2,373.32 5 1
github.com/docker/libtrust/jsonsign.go:376.2,377.35 2 1
github.com/docker/libtrust/jsonsign.go:380.2,383.16 3 1
github.com/docker/libtrust/jsonsign.go:362.16,364.3 1 0
github.com/docker/libtrust/jsonsign.go:373.32,375.3 1 0
github.com/docker/libtrust/jsonsign.go:377.35,379.3 1 0
github.com/docker/libtrust/jsonsign.go:388.75,389.24 1 1
github.com/docker/libtrust/jsonsign.go:396.2,400.16 4 1
github.com/docker/libtrust/jsonsign.go:403.2,409.16 4 1
github.com/docker/libtrust/jsonsign.go:390.2,390.30 0 1
github.com/docker/libtrust/jsonsign.go:391.2,391.16 0 0
github.com/docker/libtrust/jsonsign.go:392.2,393.46 1 0
github.com/docker/libtrust/jsonsign.go:400.16,402.3 1 0
github.com/docker/libtrust/jsonsign.go:412.71,414.9 2 1
github.com/docker/libtrust/jsonsign.go:417.2,417.27 1 1
github.com/docker/libtrust/jsonsign.go:414.9,416.3 1 0
github.com/docker/libtrust/jsonsign.go:418.2,419.17 1 0
github.com/docker/libtrust/jsonsign.go:420.2,421.22 1 1
github.com/docker/libtrust/jsonsign.go:422.2,423.18 1 0
github.com/docker/libtrust/jsonsign.go:427.82,429.9 2 1
github.com/docker/libtrust/jsonsign.go:432.2,433.8 2 1
github.com/docker/libtrust/jsonsign.go:429.9,431.3 1 0
github.com/docker/libtrust/jsonsign.go:440.88,443.16 3 1
github.com/docker/libtrust/jsonsign.go:446.2,447.9 2 1
github.com/docker/libtrust/jsonsign.go:451.2,453.16 3 1
github.com/docker/libtrust/jsonsign.go:457.2,460.49 3 1
github.com/docker/libtrust/jsonsign.go:511.2,511.36 1 1
github.com/docker/libtrust/jsonsign.go:514.2,520.16 6 1
github.com/docker/libtrust/jsonsign.go:443.16,445.3 1 0
github.com/docker/libtrust/jsonsign.go:447.9,449.3 1 0
github.com/docker/libtrust/jsonsign.go:453.16,455.3 1 0
github.com/docker/libtrust/jsonsign.go:460.49,462.17 2 1
github.com/docker/libtrust/jsonsign.go:465.3,467.17 3 1
github.com/docker/libtrust/jsonsign.go:471.3,472.10 2 1
github.com/docker/libtrust/jsonsign.go:475.3,476.10 2 1
github.com/docker/libtrust/jsonsign.go:479.3,480.17 2 1
github.com/docker/libtrust/jsonsign.go:483.3,483.27 1 1
github.com/docker/libtrust/jsonsign.go:488.3,488.30 1 1
github.com/docker/libtrust/jsonsign.go:494.3,498.39 2 1
github.com/docker/libtrust/jsonsign.go:505.3,509.4 1 1
github.com/docker/libtrust/jsonsign.go:462.17,464.4 1 0
github.com/docker/libtrust/jsonsign.go:467.17,469.4 1 0
github.com/docker/libtrust/jsonsign.go:472.10,474.4 1 0
github.com/docker/libtrust/jsonsign.go:476.10,478.4 1 0
github.com/docker/libtrust/jsonsign.go:480.17,482.4 1 0
github.com/docker/libtrust/jsonsign.go:483.27,485.4 1 1
github.com/docker/libtrust/jsonsign.go:485.5,485.45 1 0
github.com/docker/libtrust/jsonsign.go:485.45,487.4 1 0
github.com/docker/libtrust/jsonsign.go:488.30,490.4 1 1
github.com/docker/libtrust/jsonsign.go:490.5,490.59 1 0
github.com/docker/libtrust/jsonsign.go:490.59,492.4 1 0
github.com/docker/libtrust/jsonsign.go:498.39,500.18 2 1
github.com/docker/libtrust/jsonsign.go:503.4,503.26 1 1
github.com/docker/libtrust/jsonsign.go:500.18,502.5 1 0
github.com/docker/libtrust/jsonsign.go:511.36,513.3 1 0
github.com/docker/libtrust/jsonsign.go:525.79,526.29 1 1
github.com/docker/libtrust/jsonsign.go:529.2,530.16 2 1
github.com/docker/libtrust/jsonsign.go:533.2,537.21 4 1
github.com/docker/libtrust/jsonsign.go:542.2,542.24 1 1
github.com/docker/libtrust/jsonsign.go:546.2,549.21 4 1
github.com/docker/libtrust/jsonsign.go:563.2,565.25 2 1
github.com/docker/libtrust/jsonsign.go:526.29,528.3 1 0
github.com/docker/libtrust/jsonsign.go:530.16,532.3 1 0
github.com/docker/libtrust/jsonsign.go:537.21,539.3 1 1
github.com/docker/libtrust/jsonsign.go:539.4,541.3 1 1
github.com/docker/libtrust/jsonsign.go:542.24,544.3 1 0
github.com/docker/libtrust/jsonsign.go:549.21,557.3 7 1
github.com/docker/libtrust/jsonsign.go:557.4,562.3 4 1
github.com/docker/libtrust/key.go:71.79,72.51 1 1
github.com/docker/libtrust/key.go:73.2,74.42 1 1
github.com/docker/libtrust/key.go:75.2,76.48 1 1
github.com/docker/libtrust/key.go:77.2,78.81 1 0
github.com/docker/libtrust/key.go:85.83,86.53 1 1
github.com/docker/libtrust/key.go:87.2,88.44 1 1
github.com/docker/libtrust/key.go:89.2,90.50 1 1
github.com/docker/libtrust/key.go:91.2,92.83 1 0
github.com/docker/libtrust/key.go:98.60,100.21 2 1
github.com/docker/libtrust/key.go:106.2,106.37 1 1
github.com/docker/libtrust/key.go:100.21,102.3 1 0
github.com/docker/libtrust/key.go:102.4,102.42 1 1
github.com/docker/libtrust/key.go:102.42,104.3 1 0
github.com/docker/libtrust/key.go:112.68,115.6 2 1
github.com/docker/libtrust/key.go:132.2,132.21 1 1
github.com/docker/libtrust/key.go:115.6,118.22 3 1
github.com/docker/libtrust/key.go:124.3,125.17 2 1
github.com/docker/libtrust/key.go:129.3,129.36 1 1
github.com/docker/libtrust/key.go:118.22,119.9 1 1
github.com/docker/libtrust/key.go:120.5,120.43 1 1
github.com/docker/libtrust/key.go:120.43,122.4 1 0
github.com/docker/libtrust/key.go:125.17,127.4 1 0
github.com/docker/libtrust/key.go:137.62,139.21 2 1
github.com/docker/libtrust/key.go:143.2,145.9 2 1
github.com/docker/libtrust/key.go:165.2,167.17 2 1
github.com/docker/libtrust/key.go:139.21,141.3 1 0
github.com/docker/libtrust/key.go:146.2,148.17 2 1
github.com/docker/libtrust/key.go:151.3,151.41 1 1
github.com/docker/libtrust/key.go:152.2,154.17 2 1
github.com/docker/libtrust/key.go:157.3,158.17 2 1
github.com/docker/libtrust/key.go:161.2,162.86 1 0
github.com/docker/libtrust/key.go:148.17,150.4 1 0
github.com/docker/libtrust/key.go:154.17,156.4 1 0
github.com/docker/libtrust/key.go:158.17,160.4 1 0
github.com/docker/libtrust/key.go:172.60,176.16 3 1
github.com/docker/libtrust/key.go:183.2,184.16 2 1
github.com/docker/libtrust/key.go:188.2,188.9 1 1
github.com/docker/libtrust/key.go:176.16,180.3 1 0
github.com/docker/libtrust/key.go:184.16,186.3 1 0
github.com/docker/libtrust/key.go:189.2,191.33 1 1
github.com/docker/libtrust/key.go:192.2,194.34 1 1
github.com/docker/libtrust/key.go:195.2,198.4 1 0
github.com/docker/libtrust/key.go:204.65,206.16 2 1
github.com/docker/libtrust/key.go:210.2,212.33 2 1
github.com/docker/libtrust/key.go:220.2,220.21 1 1
github.com/docker/libtrust/key.go:206.16,208.3 1 0
github.com/docker/libtrust/key.go:212.33,214.17 2 1
github.com/docker/libtrust/key.go:217.3,217.36 1 1
github.com/docker/libtrust/key.go:214.17,216.4 1 0
github.com/docker/libtrust/key.go:225.62,229.16 3 1
github.com/docker/libtrust/key.go:236.2,237.16 2 1
github.com/docker/libtrust/key.go:241.2,241.9 1 1
github.com/docker/libtrust/key.go:229.16,233.3 1 0
github.com/docker/libtrust/key.go:237.16,239.3 1 0
github.com/docker/libtrust/key.go:242.2,244.34 1 1
github.com/docker/libtrust/key.go:245.2,247.35 1 1
github.com/docker/libtrust/key.go:248.2,251.4 1 0
github.com/docker/libtrust/key_files.go:18.56,20.16 2 1
github.com/docker/libtrust/key_files.go:30.2,30.18 1 1
github.com/docker/libtrust/key_files.go:20.16,21.25 1 1
github.com/docker/libtrust/key_files.go:27.3,27.18 1 1
github.com/docker/libtrust/key_files.go:21.25,23.4 1 1
github.com/docker/libtrust/key_files.go:23.5,25.4 1 0
github.com/docker/libtrust/key_files.go:39.55,41.16 2 1
github.com/docker/libtrust/key_files.go:45.2,47.81 2 1
github.com/docker/libtrust/key_files.go:59.2,59.17 1 1
github.com/docker/libtrust/key_files.go:41.16,43.3 1 0
github.com/docker/libtrust/key_files.go:47.81,49.17 2 1
github.com/docker/libtrust/key_files.go:49.17,51.4 1 0
github.com/docker/libtrust/key_files.go:52.4,54.17 2 1
github.com/docker/libtrust/key_files.go:54.17,56.4 1 0
github.com/docker/libtrust/key_files.go:64.60,66.16 2 1
github.com/docker/libtrust/key_files.go:70.2,72.81 2 1
github.com/docker/libtrust/key_files.go:84.2,84.17 1 1
github.com/docker/libtrust/key_files.go:66.16,68.3 1 0
github.com/docker/libtrust/key_files.go:72.81,74.17 2 1
github.com/docker/libtrust/key_files.go:74.17,76.4 1 0
github.com/docker/libtrust/key_files.go:77.4,79.17 2 1
github.com/docker/libtrust/key_files.go:79.17,81.4 1 0
github.com/docker/libtrust/key_files.go:89.53,93.81 3 1
github.com/docker/libtrust/key_files.go:108.2,109.16 2 1
github.com/docker/libtrust/key_files.go:113.2,113.12 1 1
github.com/docker/libtrust/key_files.go:93.81,96.17 2 1
github.com/docker/libtrust/key_files.go:96.17,98.4 1 0
github.com/docker/libtrust/key_files.go:99.4,102.17 2 1
github.com/docker/libtrust/key_files.go:105.3,105.44 1 1
github.com/docker/libtrust/key_files.go:102.17,104.4 1 0
github.com/docker/libtrust/key_files.go:109.16,111.3 1 0
github.com/docker/libtrust/key_files.go:117.58,121.81 3 1
github.com/docker/libtrust/key_files.go:136.2,137.16 2 1
github.com/docker/libtrust/key_files.go:141.2,141.12 1 1
github.com/docker/libtrust/key_files.go:121.81,124.17 2 1
github.com/docker/libtrust/key_files.go:124.17,126.4 1 0
github.com/docker/libtrust/key_files.go:127.4,130.17 2 1
github.com/docker/libtrust/key_files.go:133.3,133.44 1 1
github.com/docker/libtrust/key_files.go:130.17,132.4 1 0
github.com/docker/libtrust/key_files.go:137.16,139.3 1 0
github.com/docker/libtrust/key_files.go:151.59,152.81 1 1
github.com/docker/libtrust/key_files.go:157.2,157.36 1 1
github.com/docker/libtrust/key_files.go:152.81,154.3 1 1
github.com/docker/libtrust/key_files.go:160.64,161.20 1 1
github.com/docker/libtrust/key_files.go:166.2,169.16 3 1
github.com/docker/libtrust/key_files.go:173.2,173.25 1 1
github.com/docker/libtrust/key_files.go:161.20,164.3 1 1
github.com/docker/libtrust/key_files.go:169.16,171.3 1 0
github.com/docker/libtrust/key_files.go:176.63,178.49 2 1
github.com/docker/libtrust/key_files.go:182.2,182.43 1 1
github.com/docker/libtrust/key_files.go:178.49,180.3 1 0
github.com/docker/libtrust/key_files.go:185.62,187.49 2 1
github.com/docker/libtrust/key_files.go:191.2,191.42 1 1
github.com/docker/libtrust/key_files.go:187.49,189.3 1 0
github.com/docker/libtrust/key_files.go:195.58,196.81 1 1
github.com/docker/libtrust/key_files.go:201.2,201.40 1 1
github.com/docker/libtrust/key_files.go:196.81,198.3 1 1
github.com/docker/libtrust/key_files.go:204.62,206.16 2 1
github.com/docker/libtrust/key_files.go:210.2,211.49 2 1
github.com/docker/libtrust/key_files.go:215.2,216.16 2 1
github.com/docker/libtrust/key_files.go:220.2,224.16 4 1
github.com/docker/libtrust/key_files.go:228.2,229.16 2 1
github.com/docker/libtrust/key_files.go:233.2,233.12 1 1
github.com/docker/libtrust/key_files.go:206.16,208.3 1 0
github.com/docker/libtrust/key_files.go:211.49,213.3 1 0
github.com/docker/libtrust/key_files.go:216.16,218.3 1 0
github.com/docker/libtrust/key_files.go:224.16,226.3 1 0
github.com/docker/libtrust/key_files.go:229.16,231.3 1 0
github.com/docker/libtrust/key_files.go:236.61,239.16 2 1
github.com/docker/libtrust/key_files.go:242.2,245.16 3 1
github.com/docker/libtrust/key_files.go:249.2,250.16 2 1
github.com/docker/libtrust/key_files.go:254.2,254.12 1 1
github.com/docker/libtrust/key_files.go:239.16,241.3 1 0
github.com/docker/libtrust/key_files.go:245.16,247.3 1 0
github.com/docker/libtrust/key_files.go:250.16,252.3 1 0
github.com/docker/libtrust/rsa_key.go:26.69,28.2 1 1
github.com/docker/libtrust/rsa_key.go:31.41,33.2 1 1
github.com/docker/libtrust/rsa_key.go:36.39,47.2 5 1
github.com/docker/libtrust/rsa_key.go:49.40,51.2 1 1
github.com/docker/libtrust/rsa_key.go:57.83,60.16 2 1
github.com/docker/libtrust/rsa_key.go:64.2,66.16 3 1
github.com/docker/libtrust/rsa_key.go:69.2,72.16 3 1
github.com/docker/libtrust/rsa_key.go:76.2,76.12 1 1
github.com/docker/libtrust/rsa_key.go:60.16,62.3 1 0
github.com/docker/libtrust/rsa_key.go:66.16,68.3 1 0
github.com/docker/libtrust/rsa_key.go:72.16,74.3 1 0
github.com/docker/libtrust/rsa_key.go:82.59,84.2 1 1
github.com/docker/libtrust/rsa_key.go:86.55,88.31 2 1
github.com/docker/libtrust/rsa_key.go:91.2,96.12 5 1
github.com/docker/libtrust/rsa_key.go:88.31,90.3 1 1
github.com/docker/libtrust/rsa_key.go:101.63,103.2 1 1
github.com/docker/libtrust/rsa_key.go:106.55,108.16 2 1
github.com/docker/libtrust/rsa_key.go:111.2,112.59 2 1
github.com/docker/libtrust/rsa_key.go:108.16,110.3 1 0
github.com/docker/libtrust/rsa_key.go:115.74,117.2 1 1
github.com/docker/libtrust/rsa_key.go:119.67,121.9 2 1
github.com/docker/libtrust/rsa_key.go:124.2,124.10 1 1
github.com/docker/libtrust/rsa_key.go:121.9,123.3 1 0
github.com/docker/libtrust/rsa_key.go:127.77,134.16 2 1
github.com/docker/libtrust/rsa_key.go:138.2,139.16 2 1
github.com/docker/libtrust/rsa_key.go:144.2,145.16 2 1
github.com/docker/libtrust/rsa_key.go:149.2,150.16 2 1
github.com/docker/libtrust/rsa_key.go:154.2,160.8 3 1
github.com/docker/libtrust/rsa_key.go:170.2,170.27 1 1
github.com/docker/libtrust/rsa_key.go:174.2,176.17 2 1
github.com/docker/libtrust/rsa_key.go:134.16,136.3 1 0
github.com/docker/libtrust/rsa_key.go:139.16,141.3 1 0
github.com/docker/libtrust/rsa_key.go:145.16,147.3 1 0
github.com/docker/libtrust/rsa_key.go:150.16,152.3 1 0
github.com/docker/libtrust/rsa_key.go:160.8,162.17 2 1
github.com/docker/libtrust/rsa_key.go:165.3,165.25 1 1
github.com/docker/libtrust/rsa_key.go:162.17,164.4 1 0
github.com/docker/libtrust/rsa_key.go:165.25,167.4 1 0
github.com/docker/libtrust/rsa_key.go:170.27,172.3 1 0
github.com/docker/libtrust/rsa_key.go:189.73,194.2 1 1
github.com/docker/libtrust/rsa_key.go:197.47,199.2 1 1
github.com/docker/libtrust/rsa_key.go:201.41,203.2 1 0
github.com/docker/libtrust/rsa_key.go:211.108,217.16 4 1
github.com/docker/libtrust/rsa_key.go:220.2,223.16 3 1
github.com/docker/libtrust/rsa_key.go:227.2,229.8 2 1
github.com/docker/libtrust/rsa_key.go:217.16,219.3 1 0
github.com/docker/libtrust/rsa_key.go:223.16,225.3 1 0
github.com/docker/libtrust/rsa_key.go:235.62,237.2 1 1
github.com/docker/libtrust/rsa_key.go:239.56,252.26 10 1
github.com/docker/libtrust/rsa_key.go:265.2,265.12 1 1
github.com/docker/libtrust/rsa_key.go:252.26,254.33 2 0
github.com/docker/libtrust/rsa_key.go:262.3,262.31 1 0
github.com/docker/libtrust/rsa_key.go:254.33,261.4 6 0
github.com/docker/libtrust/rsa_key.go:270.64,272.2 1 1
github.com/docker/libtrust/rsa_key.go:275.56,279.2 3 1
github.com/docker/libtrust/rsa_key.go:281.79,289.16 2 1
github.com/docker/libtrust/rsa_key.go:292.2,293.16 2 1
github.com/docker/libtrust/rsa_key.go:296.2,297.16 2 1
github.com/docker/libtrust/rsa_key.go:300.2,301.16 2 1
github.com/docker/libtrust/rsa_key.go:304.2,305.16 2 1
github.com/docker/libtrust/rsa_key.go:308.2,309.16 2 1
github.com/docker/libtrust/rsa_key.go:313.2,314.29 2 1
github.com/docker/libtrust/rsa_key.go:322.2,323.16 2 1
github.com/docker/libtrust/rsa_key.go:327.2,338.16 2 1
github.com/docker/libtrust/rsa_key.go:383.2,388.17 2 1
github.com/docker/libtrust/rsa_key.go:289.16,291.3 1 0
github.com/docker/libtrust/rsa_key.go:293.16,295.3 1 0
github.com/docker/libtrust/rsa_key.go:297.16,299.3 1 0
github.com/docker/libtrust/rsa_key.go:301.16,303.3 1 0
github.com/docker/libtrust/rsa_key.go:305.16,307.3 1 0
github.com/docker/libtrust/rsa_key.go:309.16,311.3 1 0
github.com/docker/libtrust/rsa_key.go:314.29,317.3 2 0
github.com/docker/libtrust/rsa_key.go:323.16,325.3 1 0
github.com/docker/libtrust/rsa_key.go:338.16,341.10 2 0
github.com/docker/libtrust/rsa_key.go:344.3,345.32 2 0
github.com/docker/libtrust/rsa_key.go:348.3,352.39 4 0
github.com/docker/libtrust/rsa_key.go:379.3,380.47 2 0
github.com/docker/libtrust/rsa_key.go:341.10,343.4 1 0
github.com/docker/libtrust/rsa_key.go:345.32,347.4 1 0
github.com/docker/libtrust/rsa_key.go:352.39,354.11 2 0
github.com/docker/libtrust/rsa_key.go:358.4,359.18 2 0
github.com/docker/libtrust/rsa_key.go:362.4,363.18 2 0
github.com/docker/libtrust/rsa_key.go:366.4,367.18 2 0
github.com/docker/libtrust/rsa_key.go:371.4,376.73 6 0
github.com/docker/libtrust/rsa_key.go:354.11,356.5 1 0
github.com/docker/libtrust/rsa_key.go:359.18,361.5 1 0
github.com/docker/libtrust/rsa_key.go:363.18,365.5 1 0
github.com/docker/libtrust/rsa_key.go:367.18,369.5 1 0
github.com/docker/libtrust/rsa_key.go:395.68,398.16 3 1
github.com/docker/libtrust/rsa_key.go:402.2,405.8 3 1
github.com/docker/libtrust/rsa_key.go:398.16,400.3 1 0
github.com/docker/libtrust/rsa_key.go:409.54,411.16 2 1
github.com/docker/libtrust/rsa_key.go:415.2,415.15 1 1
github.com/docker/libtrust/rsa_key.go:411.16,413.3 1 0
github.com/docker/libtrust/rsa_key.go:419.54,421.16 2 1
github.com/docker/libtrust/rsa_key.go:425.2,425.15 1 1
github.com/docker/libtrust/rsa_key.go:421.16,423.3 1 0
github.com/docker/libtrust/rsa_key.go:429.54,431.16 2 1
github.com/docker/libtrust/rsa_key.go:435.2,435.15 1 1
github.com/docker/libtrust/rsa_key.go:431.16,433.3 1 0
github.com/docker/libtrust/util.go:21.43,23.2 1 1
github.com/docker/libtrust/util.go:29.52,30.20 1 1
github.com/docker/libtrust/util.go:39.2,39.43 1 1
github.com/docker/libtrust/util.go:31.2,31.9 0 1
github.com/docker/libtrust/util.go:32.2,33.12 1 1
github.com/docker/libtrust/util.go:34.2,35.11 1 1
github.com/docker/libtrust/util.go:36.2,37.53 1 0
github.com/docker/libtrust/util.go:42.35,46.33 4 1
github.com/docker/libtrust/util.go:51.2,52.21 2 1
github.com/docker/libtrust/util.go:46.33,50.3 3 1
github.com/docker/libtrust/util.go:55.74,57.9 2 1
github.com/docker/libtrust/util.go:61.2,62.9 2 1
github.com/docker/libtrust/util.go:65.2,67.17 2 1
github.com/docker/libtrust/util.go:57.9,59.3 1 0
github.com/docker/libtrust/util.go:62.9,64.3 1 0
github.com/docker/libtrust/util.go:70.80,74.16 3 1
github.com/docker/libtrust/util.go:77.2,78.33 2 1
github.com/docker/libtrust/util.go:81.2,81.43 1 1
github.com/docker/libtrust/util.go:74.16,76.3 1 0
github.com/docker/libtrust/util.go:78.33,80.3 1 0
github.com/docker/libtrust/util.go:84.82,86.16 2 1
github.com/docker/libtrust/util.go:98.2,102.32 4 1
github.com/docker/libtrust/util.go:106.2,106.43 1 1
github.com/docker/libtrust/util.go:86.16,88.3 1 0
github.com/docker/libtrust/util.go:102.32,104.3 1 0
github.com/docker/libtrust/util.go:109.61,111.16 2 1
github.com/docker/libtrust/util.go:115.2,115.43 1 1
github.com/docker/libtrust/util.go:111.16,113.3 1 0
github.com/docker/libtrust/util.go:118.52,126.24 4 1
github.com/docker/libtrust/util.go:131.2,131.16 1 1
github.com/docker/libtrust/util.go:126.24,127.18 1 1
github.com/docker/libtrust/util.go:127.18,128.9 1 1
github.com/docker/libtrust/util.go:134.63,136.16 2 1
github.com/docker/libtrust/util.go:142.2,146.50 4 1
github.com/docker/libtrust/util.go:136.16,138.3 1 0
github.com/docker/libtrust/util.go:149.93,151.16 2 1
github.com/docker/libtrust/util.go:155.2,156.16 2 1
github.com/docker/libtrust/util.go:160.2,160.47 1 1
github.com/docker/libtrust/util.go:151.16,153.3 1 0
github.com/docker/libtrust/util.go:156.16,158.3 1 0
github.com/docker/libtrust/util.go:163.103,165.28 2 1
github.com/docker/libtrust/util.go:180.2,180.22 1 1
github.com/docker/libtrust/util.go:165.28,166.26 1 1
github.com/docker/libtrust/util.go:167.3,168.29 1 1
github.com/docker/libtrust/util.go:169.3,170.20 1 1
github.com/docker/libtrust/util.go:175.3,175.11 0 0
github.com/docker/libtrust/util.go:170.20,172.5 1 1
github.com/docker/libtrust/util.go:172.6,174.5 0 0
github.com/docker/libtrust/util.go:183.65,185.16 2 1
github.com/docker/libtrust/util.go:189.2,190.16 2 1
github.com/docker/libtrust/util.go:194.2,196.20 2 1
github.com/docker/libtrust/util.go:185.16,187.3 1 0
github.com/docker/libtrust/util.go:190.16,192.3 1 0
github.com/docker/libtrust/util.go:199.64,200.43 1 1
github.com/docker/libtrust/util.go:200.43,202.21 2 1
github.com/docker/libtrust/util.go:207.3,207.40 1 1
github.com/docker/libtrust/util.go:202.21,204.4 1 1
github.com/docker/libtrust/util.go:204.5,206.4 1 1
github.com/docker/libtrust/certificates.go:24.69,33.15 2 1
github.com/docker/libtrust/certificates.go:37.2,37.21 1 1
github.com/docker/libtrust/certificates.go:41.2,41.21 1 1
github.com/docker/libtrust/certificates.go:45.2,58.3 1 1
github.com/docker/libtrust/certificates.go:33.15,35.3 1 1
github.com/docker/libtrust/certificates.go:37.21,39.3 1 1
github.com/docker/libtrust/certificates.go:41.21,43.3 1 1
github.com/docker/libtrust/certificates.go:61.123,69.16 4 1
github.com/docker/libtrust/certificates.go:73.2,74.16 2 1
github.com/docker/libtrust/certificates.go:78.2,78.8 1 1
github.com/docker/libtrust/certificates.go:69.16,71.3 1 0
github.com/docker/libtrust/certificates.go:74.16,76.3 1 0
github.com/docker/libtrust/certificates.go:84.118,93.2 2 1
github.com/docker/libtrust/certificates.go:97.78,104.2 2 1
github.com/docker/libtrust/certificates.go:108.89,118.2 3 1
github.com/docker/libtrust/certificates.go:123.93,126.41 2 1
github.com/docker/libtrust/certificates.go:135.2,135.22 1 1
github.com/docker/libtrust/certificates.go:126.41,128.17 2 1
github.com/docker/libtrust/certificates.go:132.3,132.25 1 1
github.com/docker/libtrust/certificates.go:128.17,130.4 1 0
github.com/docker/libtrust/certificates.go:140.74,142.16 2 1
github.com/docker/libtrust/certificates.go:145.2,148.47 4 1
github.com/docker/libtrust/certificates.go:160.2,160.26 1 1
github.com/docker/libtrust/certificates.go:142.16,144.3 1 0
github.com/docker/libtrust/certificates.go:148.47,149.34 1 1
github.com/docker/libtrust/certificates.go:149.34,151.18 2 1
github.com/docker/libtrust/certificates.go:154.4,154.45 1 1
github.com/docker/libtrust/certificates.go:151.18,153.5 1 0
github.com/docker/libtrust/certificates.go:155.5,157.4 1 0
github.com/docker/libtrust/certificates.go:165.67,167.16 2 1
github.com/docker/libtrust/certificates.go:170.2,171.29 2 1
github.com/docker/libtrust/certificates.go:174.2,174.18 1 1
github.com/docker/libtrust/certificates.go:167.16,169.3 1 0
github.com/docker/libtrust/certificates.go:171.29,173.3 1 1
github.com/docker/libtrust/ec_key.go:30.78,33.9 2 1
github.com/docker/libtrust/ec_key.go:34.2,35.86 1 1
github.com/docker/libtrust/ec_key.go:36.2,37.86 1 1
github.com/docker/libtrust/ec_key.go:38.2,39.86 1 1
github.com/docker/libtrust/ec_key.go:40.2,41.55 1 0
github.com/docker/libtrust/ec_key.go:46.40,48.2 1 1
github.com/docker/libtrust/ec_key.go:52.42,54.2 1 1
github.com/docker/libtrust/ec_key.go:57.38,68.2 5 1
github.com/docker/libtrust/ec_key.go:70.39,72.2 1 1
github.com/docker/libtrust/ec_key.go:78.82,81.47 1 1
github.com/docker/libtrust/ec_key.go:86.2,88.38 3 1
github.com/docker/libtrust/ec_key.go:92.2,98.16 6 1
github.com/docker/libtrust/ec_key.go:101.2,103.44 2 1
github.com/docker/libtrust/ec_key.go:107.2,107.12 1 1
github.com/docker/libtrust/ec_key.go:81.47,83.3 1 0
github.com/docker/libtrust/ec_key.go:88.38,90.3 1 0
github.com/docker/libtrust/ec_key.go:98.16,100.3 1 0
github.com/docker/libtrust/ec_key.go:103.44,105.3 1 0
github.com/docker/libtrust/ec_key.go:113.58,115.2 1 1
github.com/docker/libtrust/ec_key.go:117.54,119.31 2 1
github.com/docker/libtrust/ec_key.go:122.2,139.12 13 1
github.com/docker/libtrust/ec_key.go:119.31,121.3 1 1
github.com/docker/libtrust/ec_key.go:144.62,146.2 1 1
github.com/docker/libtrust/ec_key.go:149.54,151.16 2 1
github.com/docker/libtrust/ec_key.go:154.2,155.59 2 1
github.com/docker/libtrust/ec_key.go:151.16,153.3 1 0
github.com/docker/libtrust/ec_key.go:158.73,160.2 1 1
github.com/docker/libtrust/ec_key.go:162.66,164.9 2 1
github.com/docker/libtrust/ec_key.go:167.2,167.10 1 1
github.com/docker/libtrust/ec_key.go:164.9,166.3 1 1
github.com/docker/libtrust/ec_key.go:170.75,177.16 2 1
github.com/docker/libtrust/ec_key.go:181.2,186.9 2 1
github.com/docker/libtrust/ec_key.go:201.2,202.16 2 1
github.com/docker/libtrust/ec_key.go:205.2,206.16 2 1
github.com/docker/libtrust/ec_key.go:210.2,211.16 2 1
github.com/docker/libtrust/ec_key.go:214.2,215.16 2 1
github.com/docker/libtrust/ec_key.go:219.2,226.8 3 1
github.com/docker/libtrust/ec_key.go:236.2,238.17 2 1
github.com/docker/libtrust/ec_key.go:177.16,179.3 1 0
github.com/docker/libtrust/ec_key.go:187.2,189.17 2 1
github.com/docker/libtrust/ec_key.go:190.2,192.17 2 1
github.com/docker/libtrust/ec_key.go:193.2,195.17 2 1
github.com/docker/libtrust/ec_key.go:196.2,197.88 1 0
github.com/docker/libtrust/ec_key.go:202.16,204.3 1 0
github.com/docker/libtrust/ec_key.go:206.16,208.3 1 0
github.com/docker/libtrust/ec_key.go:211.16,213.3 1 0
github.com/docker/libtrust/ec_key.go:215.16,217.3 1 0
github.com/docker/libtrust/ec_key.go:226.8,228.17 2 1
github.com/docker/libtrust/ec_key.go:231.3,231.25 1 1
github.com/docker/libtrust/ec_key.go:228.17,230.4 1 0
github.com/docker/libtrust/ec_key.go:231.25,233.4 1 0
github.com/docker/libtrust/ec_key.go:252.82,254.16 2 1
github.com/docker/libtrust/ec_key.go:258.2,258.57 1 1
github.com/docker/libtrust/ec_key.go:254.16,256.3 1 0
github.com/docker/libtrust/ec_key.go:262.46,264.2 1 1
github.com/docker/libtrust/ec_key.go:266.40,268.2 1 0
github.com/docker/libtrust/ec_key.go:276.107,283.16 3 1
github.com/docker/libtrust/ec_key.go:286.2,289.16 3 1
github.com/docker/libtrust/ec_key.go:292.2,304.8 9 1
github.com/docker/libtrust/ec_key.go:283.16,285.3 1 0
github.com/docker/libtrust/ec_key.go:289.16,291.3 1 0
github.com/docker/libtrust/ec_key.go:310.61,312.2 1 1
github.com/docker/libtrust/ec_key.go:314.55,335.2 8 1
github.com/docker/libtrust/ec_key.go:339.63,341.2 1 1
github.com/docker/libtrust/ec_key.go:344.55,346.16 2 1
github.com/docker/libtrust/ec_key.go:349.2,350.63 2 1
github.com/docker/libtrust/ec_key.go:346.16,348.3 1 0
github.com/docker/libtrust/ec_key.go:353.77,355.16 2 1
github.com/docker/libtrust/ec_key.go:362.2,363.16 2 1
github.com/docker/libtrust/ec_key.go:367.2,368.16 2 1
github.com/docker/libtrust/ec_key.go:372.2,380.17 2 1
github.com/docker/libtrust/ec_key.go:355.16,357.3 1 0
github.com/docker/libtrust/ec_key.go:363.16,365.3 1 0
github.com/docker/libtrust/ec_key.go:368.16,370.3 1 0
github.com/docker/libtrust/ec_key.go:387.78,390.16 3 1
github.com/docker/libtrust/ec_key.go:394.2,397.8 3 1
github.com/docker/libtrust/ec_key.go:390.16,392.3 1 0
github.com/docker/libtrust/ec_key.go:401.53,403.16 2 1
github.com/docker/libtrust/ec_key.go:407.2,410.15 3 1
github.com/docker/libtrust/ec_key.go:403.16,405.3 1 0
github.com/docker/libtrust/ec_key.go:414.53,416.16 2 1
github.com/docker/libtrust/ec_key.go:420.2,423.15 3 1
github.com/docker/libtrust/ec_key.go:416.16,418.3 1 0
github.com/docker/libtrust/ec_key.go:427.53,429.16 2 1
github.com/docker/libtrust/ec_key.go:433.2,436.15 3 1
github.com/docker/libtrust/ec_key.go:429.16,431.3 1 0
github.com/docker/libtrust/filter.go:10.91,13.30 2 1
github.com/docker/libtrust/filter.go:49.2,49.22 1 1
github.com/docker/libtrust/filter.go:13.30,15.55 2 1
github.com/docker/libtrust/filter.go:28.3,28.22 1 1
github.com/docker/libtrust/filter.go:36.3,36.37 1 1
github.com/docker/libtrust/filter.go:16.3,17.13 1 1
github.com/docker/libtrust/filter.go:18.3,19.28 1 1
github.com/docker/libtrust/filter.go:19.28,21.12 2 1
github.com/docker/libtrust/filter.go:24.5,24.29 1 1
github.com/docker/libtrust/filter.go:21.12,22.14 1 0
github.com/docker/libtrust/filter.go:28.22,29.20 1 1
github.com/docker/libtrust/filter.go:32.4,32.12 1 1
github.com/docker/libtrust/filter.go:29.20,31.5 1 1
github.com/docker/libtrust/filter.go:36.37,38.18 2 1
github.com/docker/libtrust/filter.go:42.4,42.13 1 1
github.com/docker/libtrust/filter.go:38.18,40.5 1 0
github.com/docker/libtrust/filter.go:42.13,44.13 2 1
github.com/docker/libtrust/hash.go:15.51,17.2 1 1
github.com/docker/libtrust/hash.go:19.51,21.2 1 1
github.com/docker/libtrust/hash.go:32.75,33.9 1 1
github.com/docker/libtrust/hash.go:34.2,35.20 1 1
github.com/docker/libtrust/hash.go:36.2,37.20 1 1
github.com/docker/libtrust/hash.go:38.2,39.20 1 1
github.com/docker/libtrust/hash.go:40.2,41.82 1 0
github.com/docker/libtrust/hash.go:45.85,46.9 1 1
github.com/docker/libtrust/hash.go:47.2,48.15 1 1
github.com/docker/libtrust/hash.go:49.2,50.15 1 1
github.com/docker/libtrust/hash.go:51.2,52.14 1 1
github.com/docker/libtrust/hash.go:53.2,54.15 1 1
